<?xml version="1.0" encoding="UTF-8"?>
<testng-results ignored="0" total="1" passed="1" failed="0" skipped="0">
  <reporter-output>
  </reporter-output>
  <suite started-at="2024-10-22T00:57:01 EDT" name="Surefire suite" finished-at="2024-10-22T00:57:01 EDT" duration-ms="71">
    <groups>
    </groups>
    <test started-at="2024-10-22T00:57:01 EDT" name="Surefire test" finished-at="2024-10-22T00:57:01 EDT" duration-ms="71">
      <class name="Practice">
        <test-method signature="UpperCase()[pri:0, instance:Practice@163e4e87]" started-at="2024-10-22T00:57:01 EDT" name="UpperCase" finished-at="2024-10-22T00:57:01 EDT" duration-ms="13" status="PASS">
          <reporter-output>
          </reporter-output>
        </test-method> <!-- UpperCase -->
      </class> <!-- Practice -->
    </test> <!-- Surefire test -->
  </suite> <!-- Surefire suite -->
</testng-results>
